\BOOKMARK [1][-]{section.1}{Introducere}{}% 1
\BOOKMARK [1][-]{section.2}{Resurse logice}{}% 2
\BOOKMARK [2][-]{subsection.2.1}{Sistemul MySQL}{section.2}% 3
\BOOKMARK [2][-]{subsection.2.2}{Limbajul PHP}{section.2}% 4
\BOOKMARK [3][-]{subsubsection.2.2.1}{Libraria PDO}{subsection.2.2}% 5
\BOOKMARK [3][-]{subsubsection.2.2.2}{Libraria Ratchet}{subsection.2.2}% 6
\BOOKMARK [2][-]{subsection.2.3}{Limbajul JavaScript}{section.2}% 7
\BOOKMARK [3][-]{subsubsection.2.3.1}{Tehnica AJAX}{subsection.2.3}% 8
\BOOKMARK [3][-]{subsubsection.2.3.2}{Libraria jQuery}{subsection.2.3}% 9
\BOOKMARK [3][-]{subsubsection.2.3.3}{Libraria chart.js}{subsection.2.3}% 10
\BOOKMARK [3][-]{subsubsection.2.3.4}{Libraria Bootstrap}{subsection.2.3}% 11
\BOOKMARK [2][-]{subsection.2.4}{Limbajul Python}{section.2}% 12
\BOOKMARK [2][-]{subsection.2.5}{Despre serverul Linux}{section.2}% 13
\BOOKMARK [3][-]{subsubsection.2.5.1}{Sistemul de operare Debian 8}{subsection.2.5}% 14
\BOOKMARK [3][-]{subsubsection.2.5.2}{Serverul HTTP Apache 2}{subsection.2.5}% 15
\BOOKMARK [3][-]{subsubsection.2.5.3}{Sistemul de monitorizare daemontools}{subsection.2.5}% 16
\BOOKMARK [2][-]{subsection.2.6}{Procesorul LaTeX}{section.2}% 17
\BOOKMARK [1][-]{section.3}{Descrierea proiectului}{}% 18
\BOOKMARK [2][-]{subsection.3.1}{Baza de date}{section.3}% 19
\BOOKMARK [2][-]{subsection.3.2}{Diagrama de secventa}{section.3}% 20
\BOOKMARK [2][-]{subsection.3.3}{Sistemul de autentificare}{section.3}% 21
\BOOKMARK [2][-]{subsection.3.4}{Interfata grafica si design}{section.3}% 22
\BOOKMARK [3][-]{subsubsection.3.4.1}{Functia de remodelare}{subsection.3.4}% 23
\BOOKMARK [3][-]{subsubsection.3.4.2}{Bara de navigatie}{subsection.3.4}% 24
\BOOKMARK [2][-]{subsection.3.5}{Sistemul de mesagerie}{section.3}% 25
\BOOKMARK [3][-]{subsubsection.3.5.1}{Interfata specifica}{subsection.3.5}% 26
\BOOKMARK [3][-]{subsubsection.3.5.2}{Serverul de websockets}{subsection.3.5}% 27
\BOOKMARK [2][-]{subsection.3.6}{Generarea si vizualizarea datelor}{section.3}% 28
\BOOKMARK [3][-]{subsubsection.3.6.1}{Generatorul de date}{subsection.3.6}% 29
\BOOKMARK [3][-]{subsubsection.3.6.2}{Vizualizarea datelor prin grafice}{subsection.3.6}% 30
\BOOKMARK [1][-]{section.4}{Bibliografie}{}% 31
