This is pdfTeX, Version 3.14159265-2.6-1.40.15 (TeX Live 2014/Arch Linux) (preloaded format=pdflatex 2015.4.24)  6 MAY 2015 16:05
entering extended mode
 restricted \write18 enabled.
 %&-line parsing enabled.
**pagina-titlu.tex
(./pagina-titlu.tex
LaTeX2e <2014/05/01>
Babel <3.9l> and hyphenation patterns for 79 languages loaded.

! LaTeX Error: Environment titlepage undefined.

See the LaTeX manual or LaTeX Companion for explanation.
Type  H <return>  for immediate help.
 ...                                              
                                                  
l.1 \begin{titlepage}
                     
Your command was ignored.
Type  I <command> <return>  to replace it with another command,
or  <return>  to continue without it.


! LaTeX Error: Missing \begin{document}.

See the LaTeX manual or LaTeX Companion for explanation.
Type  H <return>  for immediate help.
 ...                                              
                                                  
l.2 \begin{center}
                  
You're in trouble here.  Try typing  <return>  to proceed.
If that doesn't work, type  X <return>  to quit.


Overfull \hbox (20.0pt too wide) in paragraph at lines 2--2
[] 
 []

! Undefined control sequence.
<recently read> \LARGE 
                       
l.4 ...sc{\LARGE Colegiul National Mihai Viteazul}
                                                  \\[1.5cm]
The control sequence at the end of the top line
of your error message was never \def'ed. If you have
misspelled it (e.g., `\hobx'), type `I' and the correct
spelling (e.g., `I\hbox'). Otherwise just continue,
and I'll forget about whatever was undefined.


Overfull \hbox (45.6275pt too wide) in paragraph at lines 4--4
 \OT1/cmr/m/sc/10 Colegiul 
 []


Overfull \hbox (18.04987pt too wide) in paragraph at lines 4--4
 \OT1/cmr/m/sc/10 Na- 
 []


Overfull \hbox (32.68874pt too wide) in paragraph at lines 4--4
 \OT1/cmr/m/sc/10 tional 
 []


Overfull \hbox (16.68872pt too wide) in paragraph at lines 4--4
 \OT1/cmr/m/sc/10 Mi- 
 []


Overfull \hbox (15.28883pt too wide) in paragraph at lines 4--4
 \OT1/cmr/m/sc/10 hai 
 []


Overfull \hbox (45.07196pt too wide) in paragraph at lines 4--4
 \OT1/cmr/m/sc/10 Viteazul 
 []

! Undefined control sequence.
<recently read> \Large 
                       
l.6 \textsc{\Large Atestat la Informatica}
                                          \\[0.5cm]
The control sequence at the end of the top line
of your error message was never \def'ed. If you have
misspelled it (e.g., `\hobx'), type `I' and the correct
spelling (e.g., `I\hbox'). Otherwise just continue,
and I'll forget about whatever was undefined.


Overfull \hbox (39.95247pt too wide) in paragraph at lines 6--6
 []\OT1/cmr/m/sc/10 Atestat 
 []


Overfull \hbox (11.26662pt too wide) in paragraph at lines 6--6
 \OT1/cmr/m/sc/10 la 
 []


Overfull \hbox (13.96655pt too wide) in paragraph at lines 6--6
 \OT1/cmr/m/sc/10 In- 
 []


Overfull \hbox (21.28879pt too wide) in paragraph at lines 6--6
 \OT1/cmr/m/sc/10 for- 
 []


Overfull \hbox (22.62207pt too wide) in paragraph at lines 6--6
 \OT1/cmr/m/sc/10 mat- 
 []


Overfull \hbox (15.06659pt too wide) in paragraph at lines 6--6
 \OT1/cmr/m/sc/10 ica 
 []

! Undefined control sequence.
l.9 \HRule
           \\[0.4cm]
The control sequence at the end of the top line
of your error message was never \def'ed. If you have
misspelled it (e.g., `\hobx'), type `I' and the correct
spelling (e.g., `I\hbox'). Otherwise just continue,
and I'll forget about whatever was undefined.


! LaTeX Error: There's no line here to end.

See the LaTeX manual or LaTeX Companion for explanation.
Type  H <return>  for immediate help.
 ...                                              
                                                  
l.9 \HRule \\
             [0.4cm]
Your command was ignored.
Type  I <command> <return>  to replace it with another command,
or  <return>  to continue without it.

! Undefined control sequence.
l.10 { \huge
             \bfseries chatbox \\[0.4cm] }
The control sequence at the end of the top line
of your error message was never \def'ed. If you have
misspelled it (e.g., `\hobx'), type `I' and the correct
spelling (e.g., `I\hbox'). Otherwise just continue,
and I'll forget about whatever was undefined.


Overfull \hbox (39.45116pt too wide) in paragraph at lines 10--10
 []\OT1/cmr/bx/n/10 chatbox 
 []

! Undefined control sequence.
l.12 \HRule
            \\[1.5cm]
The control sequence at the end of the top line
of your error message was never \def'ed. If you have
misspelled it (e.g., `\hobx'), type `I' and the correct
spelling (e.g., `I\hbox'). Otherwise just continue,
and I'll forget about whatever was undefined.


! LaTeX Error: There's no line here to end.

See the LaTeX manual or LaTeX Companion for explanation.
Type  H <return>  for immediate help.
 ...                                              
                                                  
l.12 \HRule \\
              [1.5cm]
Your command was ignored.
Type  I <command> <return>  to replace it with another command,
or  <return>  to continue without it.

! Undefined control sequence.
l.17 \begin{flushleft} \large
                             
The control sequence at the end of the top line
of your error message was never \def'ed. If you have
misspelled it (e.g., `\hobx'), type `I' and the correct
spelling (e.g., `I\hbox'). Otherwise just continue,
and I'll forget about whatever was undefined.

! Undefined control sequence.
l.23 \begin{flushright} \large
                              
The control sequence at the end of the top line
of your error message was never \def'ed. If you have
misspelled it (e.g., `\hobx'), type `I' and the correct
spelling (e.g., `I\hbox'). Otherwise just continue,
and I'll forget about whatever was undefined.


Overfull \hbox (6553.49997pt too wide) in paragraph at lines 15--28
 [][] 
 []

! Undefined control sequence.
l.32 {\large
             18 mai, 2015}
The control sequence at the end of the top line
of your error message was never \def'ed. If you have
misspelled it (e.g., `\hobx'), type `I' and the correct
spelling (e.g., `I\hbox'). Otherwise just continue,
and I'll forget about whatever was undefined.

Missing character: There is no 1 in font nullfont!
Missing character: There is no 8 in font nullfont!
Missing character: There is no m in font nullfont!
Missing character: There is no a in font nullfont!
Missing character: There is no i in font nullfont!
Missing character: There is no , in font nullfont!
Missing character: There is no 2 in font nullfont!
Missing character: There is no 0 in font nullfont!
Missing character: There is no 1 in font nullfont!
Missing character: There is no 5 in font nullfont!

! LaTeX Error: \begin{document} ended by \end{titlepage}.

See the LaTeX manual or LaTeX Companion for explanation.
Type  H <return>  for immediate help.
 ...                                              
                                                  
l.35 \end{titlepage}
                    
Your command was ignored.
Type  I <command> <return>  to replace it with another command,
or  <return>  to continue without it.

)
! Emergency stop.
<*> pagina-titlu.tex
                    
*** (job aborted, no legal \end found)

 
Here is how much of TeX's memory you used:
 16 strings out of 493109
 257 string characters out of 6140856
 53967 words of memory out of 5000000
 3578 multiletter control sequences out of 15000+600000
 4595 words of font info for 17 fonts, out of 8000000 for 9000
 1141 hyphenation exceptions out of 8191
 14i,3n,10p,92b,228s stack positions out of 5000i,500n,10000p,200000b,80000s
!  ==> Fatal error occurred, no output PDF file produced!
